<?xml version="1.0" encoding="UTF-8"?>
<!-- Generated by org.testng.reporters.JUnitXMLReporter -->
<testsuite ignored="0" hostname="DESKTOP-R8FA6O2" failures="1" tests="1" name="Test" time="100.17" errors="0" timestamp="2023-11-23T16:38:35 IST">
  <testcase classname="Automate_Project_Test_Case1.To_check_add_retailers_page_is_displayed_Test" name="test" time="0.768">
    <failure type="java.lang.AssertionError" message="null">
      <![CDATA[java.lang.AssertionError: null
at Automate_Project_Test_Case1.To_check_add_retailers_page_is_displayed_Test.test(To_check_add_retailers_page_is_displayed_Test.java:26)
at java.base/java.util.ArrayList.forEach(ArrayList.java:1511)
at java.base/java.util.concurrent.FutureTask.run(FutureTask.java:264)
at java.base/java.util.concurrent.ThreadPoolExecutor.runWorker(ThreadPoolExecutor.java:1136)
at java.base/java.util.concurrent.ThreadPoolExecutor$Worker.run(ThreadPoolExecutor.java:635)
at java.base/java.lang.Thread.run(Thread.java:833)
... Removed 20 stack frames]]>
    </failure>
  </testcase> <!-- test -->
</testsuite> <!-- Test -->
